{
  "0 debug pnpm:scope": {
    "selected": 1
  },
  "1 debug pnpm:package-manifest": {
    "initial": {
      "name": "xbase",
      "displayName": "XBase",
      "description": "An XCode replacement-ish development environment that aims to be your reliable XCode alternative to develop exciting new apple software products 🚀",
      "version": "0.2.0",
      "engines": {
        "vscode": "^1.68.0"
      },
      "categories": [
        "Programming Languages"
      ],
      "activationEvents": [
        "onCommand:xbase.helloWorld"
      ],
      "main": "./extension.js",
      "contributes": {
        "commands": [
          {
            "command": "xbase.helloWorld",
            "title": "Hello World"
          }
        ]
      },
      "scripts": {
        "lint": "eslint .",
        "pretest": "yarn run lint",
        "test": "node ./test/runTest.js"
      },
      "devDependencies": {
        "@types/glob": "^7.2.0",
        "@types/mocha": "^9.1.1",
        "@types/node": "16.x",
        "@types/vscode": "^1.68.0",
        "@vscode/test-electron": "^2.1.5",
        "eslint": "^8.18.0",
        "glob": "^8.0.3",
        "mocha": "^10.0.0",
        "typescript": "^4.7.4"
      },
      "dependencies": {
        "@mobily/ts-belt": "^3.12.0"
      }
    },
    "prefix": "/Users/tami5/repos/neovim"
  },
  "2 debug pnpm:context": {
    "currentLockfileExists": true,
    "storeDir": "/Users/tami5/.local/share/pnpm/store/v3",
    "virtualStoreDir": "/Users/tami5/repos/neovim/node_modules/.pnpm"
  },
  "3 debug pnpm:stage": {
    "prefix": "/Users/tami5/repos/neovim",
    "stage": "resolution_started"
  },
  "4 debug pnpm:_dependency_resolved": {
    "resolution": "registry.npmjs.org/@types/glob/7.2.0",
    "wanted": {
      "dependentId": ".",
      "name": "@types/glob",
      "rawSpec": "^7.2.0"
    }
  },
  "5 debug pnpm:_dependency_resolved": {
    "resolution": "registry.npmjs.org/@types/mocha/9.1.1",
    "wanted": {
      "dependentId": ".",
      "name": "@types/mocha",
      "rawSpec": "^9.1.1"
    }
  },
  "6 debug pnpm:_dependency_resolved": {
    "resolution": "registry.npmjs.org/@types/node/16.11.43",
    "wanted": {
      "dependentId": ".",
      "name": "@types/node",
      "rawSpec": "16.x"
    }
  },
  "7 debug pnpm:_dependency_resolved": {
    "resolution": "registry.npmjs.org/@types/vscode/1.69.0",
    "wanted": {
      "dependentId": ".",
      "name": "@types/vscode",
      "rawSpec": "^1.68.0"
    }
  },
  "8 debug pnpm:_dependency_resolved": {
    "resolution": "registry.npmjs.org/@vscode/test-electron/2.1.5",
    "wanted": {
      "dependentId": ".",
      "name": "@vscode/test-electron",
      "rawSpec": "^2.1.5"
    }
  },
  "9 debug pnpm:_dependency_resolved": {
    "resolution": "registry.npmjs.org/eslint/8.19.0",
    "wanted": {
      "dependentId": ".",
      "name": "eslint",
      "rawSpec": "^8.18.0"
    }
  },
  "10 debug pnpm:_dependency_resolved": {
    "resolution": "registry.npmjs.org/glob/8.0.3",
    "wanted": {
      "dependentId": ".",
      "name": "glob",
      "rawSpec": "^8.0.3"
    }
  },
  "11 debug pnpm:_dependency_resolved": {
    "resolution": "registry.npmjs.org/mocha/10.0.0",
    "wanted": {
      "dependentId": ".",
      "name": "mocha",
      "rawSpec": "^10.0.0"
    }
  },
  "12 debug pnpm:_dependency_resolved": {
    "resolution": "registry.npmjs.org/typescript/4.7.4",
    "wanted": {
      "dependentId": ".",
      "name": "typescript",
      "rawSpec": "^4.7.4"
    }
  },
  "13 debug pnpm:_dependency_resolved": {
    "resolution": "registry.npmjs.org/@mobily/ts-belt/3.12.0",
    "wanted": {
      "dependentId": ".",
      "name": "@mobily/ts-belt",
      "rawSpec": "^3.12.0"
    }
  },
  "14 debug pnpm:progress": {
    "packageId": "registry.npmjs.org/@types/glob/7.2.0",
    "requester": "/Users/tami5/repos/neovim",
    "status": "found_in_store"
  },
  "15 debug pnpm:progress": {
    "packageId": "registry.npmjs.org/@types/glob/7.2.0",
    "requester": "/Users/tami5/repos/neovim",
    "status": "resolved"
  },
  "16 debug pnpm:progress": {
    "packageId": "registry.npmjs.org/@types/vscode/1.69.0",
    "requester": "/Users/tami5/repos/neovim",
    "status": "found_in_store"
  },
  "17 debug pnpm:progress": {
    "packageId": "registry.npmjs.org/@types/vscode/1.69.0",
    "requester": "/Users/tami5/repos/neovim",
    "status": "resolved"
  },
  "18 debug pnpm:progress": {
    "packageId": "registry.npmjs.org/@vscode/test-electron/2.1.5",
    "requester": "/Users/tami5/repos/neovim",
    "status": "found_in_store"
  },
  "19 debug pnpm:progress": {
    "packageId": "registry.npmjs.org/@vscode/test-electron/2.1.5",
    "requester": "/Users/tami5/repos/neovim",
    "status": "resolved"
  },
  "20 debug pnpm:progress": {
    "packageId": "registry.npmjs.org/@types/mocha/9.1.1",
    "requester": "/Users/tami5/repos/neovim",
    "status": "found_in_store"
  },
  "21 debug pnpm:progress": {
    "packageId": "registry.npmjs.org/@types/mocha/9.1.1",
    "requester": "/Users/tami5/repos/neovim",
    "status": "resolved"
  },
  "22 debug pnpm:progress": {
    "packageId": "registry.npmjs.org/mocha/10.0.0",
    "requester": "/Users/tami5/repos/neovim",
    "status": "found_in_store"
  },
  "23 debug pnpm:progress": {
    "packageId": "registry.npmjs.org/mocha/10.0.0",
    "requester": "/Users/tami5/repos/neovim",
    "status": "resolved"
  },
  "24 debug pnpm:progress": {
    "packageId": "registry.npmjs.org/eslint/8.19.0",
    "requester": "/Users/tami5/repos/neovim",
    "status": "found_in_store"
  },
  "25 debug pnpm:progress": {
    "packageId": "registry.npmjs.org/eslint/8.19.0",
    "requester": "/Users/tami5/repos/neovim",
    "status": "resolved"
  },
  "26 debug pnpm:progress": {
    "packageId": "registry.npmjs.org/typescript/4.7.4",
    "requester": "/Users/tami5/repos/neovim",
    "status": "found_in_store"
  },
  "27 debug pnpm:progress": {
    "packageId": "registry.npmjs.org/typescript/4.7.4",
    "requester": "/Users/tami5/repos/neovim",
    "status": "resolved"
  },
  "28 debug pnpm:progress": {
    "packageId": "registry.npmjs.org/@types/node/16.11.43",
    "requester": "/Users/tami5/repos/neovim",
    "status": "found_in_store"
  },
  "29 debug pnpm:progress": {
    "packageId": "registry.npmjs.org/@types/node/16.11.43",
    "requester": "/Users/tami5/repos/neovim",
    "status": "resolved"
  },
  "30 debug pnpm:progress": {
    "packageId": "registry.npmjs.org/@mobily/ts-belt/3.12.0",
    "requester": "/Users/tami5/repos/neovim",
    "status": "found_in_store"
  },
  "31 debug pnpm:progress": {
    "packageId": "registry.npmjs.org/@mobily/ts-belt/3.12.0",
    "requester": "/Users/tami5/repos/neovim",
    "status": "resolved"
  },
  "32 debug pnpm:progress": {
    "packageId": "registry.npmjs.org/glob/8.0.3",
    "requester": "/Users/tami5/repos/neovim",
    "status": "found_in_store"
  },
  "33 debug pnpm:progress": {
    "packageId": "registry.npmjs.org/glob/8.0.3",
    "requester": "/Users/tami5/repos/neovim",
    "status": "resolved"
  },
  "34 debug pnpm:_dependency_resolved": {
    "resolution": "registry.npmjs.org/remove/0.1.5",
    "wanted": {
      "dependentId": ".",
      "name": "remove",
      "rawSpec": "latest"
    }
  },
  "35 debug pnpm:progress": {
    "packageId": "registry.npmjs.org/remove/0.1.5",
    "requester": "/Users/tami5/repos/neovim",
    "status": "resolved"
  },
  "36 error pnpm": {
    "code": "ERR_PNPM_FETCH_404",
    "hint": "ts-belt is not in the npm registry, or you have no permission to fetch it.\n\nNo authorization header was set for the request.",
    "request": {
      "url": "https://registry.npmjs.org/ts-belt"
    },
    "response": {
      "size": 0
    },
    "pkgName": "ts-belt",
    "spec": {
      "fetchSpec": "latest",
      "name": "ts-belt",
      "type": "tag"
    },
    "pkgsStack": [],
    "err": {
      "name": "pnpm",
      "message": "GET https://registry.npmjs.org/ts-belt: Not Found - 404",
      "code": "ERR_PNPM_FETCH_404",
      "stack": "pnpm: GET https://registry.npmjs.org/ts-belt: Not Found - 404\n    at RetryOperation._fn (/nix/store/vspi72gspzg7ghj7n5qwp4j1r1qj6d0g-pnpm-7.1.0/lib/node_modules/pnpm/dist/pnpm.cjs:84412:19)\n    at processTicksAndRejections (internal/process/task_queues.js:95:5)"
    }
  }
}